<?xml version="1.0" encoding="UTF-8"?>
<!-- Generated by org.testng.reporters.JUnitXMLReporter -->
<testsuite ignored="0" hostname="DESKTOP-Q25CNSK" failures="0" tests="10" name="Test" time="6.806" errors="0" timestamp="2019-12-24T00:05:40 IST">
  <testcase classname="com.org.MavenGroup.MavenArtifactID.Tests.SmokeTests" name="@BeforeClass init" time="0.762">
    <failure type="org.openqa.selenium.WebDriverException" message="unknown error: cannot determine loading status
from disconnected: received Inspector.detached event
  (Session info: chrome=79.0.3945.88)
Build info: version: &amp;apos;3.141.59&amp;apos;, revision: &amp;apos;e82be7d358&amp;apos;, time: &amp;apos;2018-11-14T08:17:03&amp;apos;
System info: host: &amp;apos;DESKTOP-Q25CNSK&amp;apos;, ip: &amp;apos;192.168.0.112&amp;apos;, os.name: &amp;apos;Windows 10&amp;apos;, os.arch: &amp;apos;amd64&amp;apos;, os.version: &amp;apos;10.0&amp;apos;, java.version: &amp;apos;12.0.2&amp;apos;
Driver info: org.openqa.selenium.chrome.ChromeDriver
Capabilities {acceptInsecureCerts: false, browserName: chrome, browserVersion: 79.0.3945.88, chrome: {chromedriverVersion: 78.0.3904.105 (60e2d8774a81..., userDataDir: C:\Users\kaiva\AppData\Loca...}, goog:chromeOptions: {debuggerAddress: localhost:25114}, javascriptEnabled: true, networkConnectionEnabled: false, pageLoadStrategy: normal, platform: XP, platformName: XP, proxy: Proxy(), setWindowRect: true, strictFileInteractability: false, timeouts: {implicit: 0, pageLoad: 300000, script: 30000}, unhandledPromptBehavior: dismiss and notify}
Session ID: ebb2f61582e2c9b1ed86ad5ce0dfa1a3">
      <![CDATA[org.openqa.selenium.WebDriverException: unknown error: cannot determine loading status
from disconnected: received Inspector.detached event
  (Session info: chrome=79.0.3945.88)
Build info: version: '3.141.59', revision: 'e82be7d358', time: '2018-11-14T08:17:03'
System info: host: 'DESKTOP-Q25CNSK', ip: '192.168.0.112', os.name: 'Windows 10', os.arch: 'amd64', os.version: '10.0', java.version: '12.0.2'
Driver info: org.openqa.selenium.chrome.ChromeDriver
Capabilities {acceptInsecureCerts: false, browserName: chrome, browserVersion: 79.0.3945.88, chrome: {chromedriverVersion: 78.0.3904.105 (60e2d8774a81..., userDataDir: C:\Users\kaiva\AppData\Loca...}, goog:chromeOptions: {debuggerAddress: localhost:25114}, javascriptEnabled: true, networkConnectionEnabled: false, pageLoadStrategy: normal, platform: XP, platformName: XP, proxy: Proxy(), setWindowRect: true, strictFileInteractability: false, timeouts: {implicit: 0, pageLoad: 300000, script: 30000}, unhandledPromptBehavior: dismiss and notify}
Session ID: ebb2f61582e2c9b1ed86ad5ce0dfa1a3
at org.openqa.selenium.remote.http.W3CHttpResponseCodec.createException(W3CHttpResponseCodec.java:187)
at org.openqa.selenium.remote.http.W3CHttpResponseCodec.decode(W3CHttpResponseCodec.java:122)
at org.openqa.selenium.remote.http.W3CHttpResponseCodec.decode(W3CHttpResponseCodec.java:49)
at org.openqa.selenium.remote.HttpCommandExecutor.execute(HttpCommandExecutor.java:158)
at org.openqa.selenium.remote.service.DriverCommandExecutor.execute(DriverCommandExecutor.java:83)
at org.openqa.selenium.remote.RemoteWebDriver.execute(RemoteWebDriver.java:552)
at org.openqa.selenium.remote.RemoteWebDriver.get(RemoteWebDriver.java:277)
at com.org.MavenGroup.MavenArtifactID.Tests.SmokeTests.init(SmokeTests.java:69)
at java.base/java.util.ArrayList.forEach(ArrayList.java:1540)
... Removed 30 stack frames]]>
    </failure>
  </testcase> <!-- @BeforeClass init -->
  <testcase classname="com.org.MavenGroup.MavenArtifactID.Tests.SmokeTests" name="@AfterTest terminateBrowser" time="-1.57712614075E9">
    <skipped/>
  </testcase> <!-- @AfterTest terminateBrowser -->
  <testcase classname="com.org.MavenGroup.MavenArtifactID.Tests.SmokeTests" name="TC_01_LogIn" time="0.0">
    <skipped/>
  </testcase> <!-- TC_01_LogIn -->
  <testcase classname="com.org.MavenGroup.MavenArtifactID.Tests.SmokeTests" name="TC_02_Team_Request" time="0.0">
    <skipped/>
  </testcase> <!-- TC_02_Team_Request -->
  <testcase classname="com.org.MavenGroup.MavenArtifactID.Tests.SmokeTests" name="TC_03_Approve_Request" time="0.0">
    <skipped/>
  </testcase> <!-- TC_03_Approve_Request -->
  <testcase classname="com.org.MavenGroup.MavenArtifactID.Tests.SmokeTests" name="TC_04_Search" time="0.0">
    <skipped/>
  </testcase> <!-- TC_04_Search -->
  <testcase classname="com.org.MavenGroup.MavenArtifactID.Tests.SmokeTests" name="TC_05_Mark_As_A_Favorite" time="0.0">
    <skipped/>
  </testcase> <!-- TC_05_Mark_As_A_Favorite -->
  <testcase classname="com.org.MavenGroup.MavenArtifactID.Tests.SmokeTests" name="TC_06_Save_Hub" time="0.0">
    <skipped/>
  </testcase> <!-- TC_06_Save_Hub -->
  <testcase classname="com.org.MavenGroup.MavenArtifactID.Tests.SmokeTests" name="TC_07_CheckHub_Data" time="0.0">
    <skipped/>
  </testcase> <!-- TC_07_CheckHub_Data -->
  <testcase classname="com.org.MavenGroup.MavenArtifactID.Tests.SmokeTests" name="TC_08_Send_NewsLetter" time="0.0">
    <skipped/>
  </testcase> <!-- TC_08_Send_NewsLetter -->
  <testcase classname="com.org.MavenGroup.MavenArtifactID.Tests.SmokeTests" name="TC_09_Send_Feedback" time="0.0">
    <skipped/>
  </testcase> <!-- TC_09_Send_Feedback -->
  <testcase classname="com.org.MavenGroup.MavenArtifactID.Tests.SmokeTests" name="TC_10_Check_NewsLetter" time="0.0">
    <skipped/>
  </testcase> <!-- TC_10_Check_NewsLetter -->
</testsuite> <!-- Test -->
